Performing C SOURCE FILE Test CMAKE_HAVE_LIBC_PTHREAD failed with the following output:
Change Dir: /home/benitakbritto/P2/src/cmake/build/CMakeFiles/CMakeTmp

Run Build Command(s):/usr/bin/make cmTC_86dab/fast && /usr/bin/make  -f CMakeFiles/cmTC_86dab.dir/build.make CMakeFiles/cmTC_86dab.dir/build
make[1]: Entering directory '/home/benitakbritto/P2/src/cmake/build/CMakeFiles/CMakeTmp'
Building C object CMakeFiles/cmTC_86dab.dir/src.c.o
/usr/bin/cc -DCMAKE_HAVE_LIBC_PTHREAD   -o CMakeFiles/cmTC_86dab.dir/src.c.o -c /home/benitakbritto/P2/src/cmake/build/CMakeFiles/CMakeTmp/src.c
Linking C executable cmTC_86dab
/home/benitakbritto/.local/bin/cmake -E cmake_link_script CMakeFiles/cmTC_86dab.dir/link.txt --verbose=1
/usr/bin/cc CMakeFiles/cmTC_86dab.dir/src.c.o -o cmTC_86dab 
/usr/bin/ld: CMakeFiles/cmTC_86dab.dir/src.c.o: in function `main':
src.c:(.text+0x46): undefined reference to `pthread_create'
/usr/bin/ld: src.c:(.text+0x52): undefined reference to `pthread_detach'
/usr/bin/ld: src.c:(.text+0x5e): undefined reference to `pthread_cancel'
/usr/bin/ld: src.c:(.text+0x6f): undefined reference to `pthread_join'
collect2: error: ld returned 1 exit status
make[1]: *** [CMakeFiles/cmTC_86dab.dir/build.make:106: cmTC_86dab] Error 1
make[1]: Leaving directory '/home/benitakbritto/P2/src/cmake/build/CMakeFiles/CMakeTmp'
make: *** [Makefile:140: cmTC_86dab/fast] Error 2


Source file was:
#include <pthread.h>

static void* test_func(void* data)
{
  return data;
}

int main(void)
{
  pthread_t thread;
  pthread_create(&thread, NULL, test_func, NULL);
  pthread_detach(thread);
  pthread_cancel(thread);
  pthread_join(thread, NULL);
  pthread_atfork(NULL, NULL, NULL);
  pthread_exit(NULL);

  return 0;
}

Determining if the function pthread_create exists in the pthreads failed with the following output:
Change Dir: /home/benitakbritto/P2/src/cmake/build/CMakeFiles/CMakeTmp

Run Build Command(s):/usr/bin/make cmTC_f1d24/fast && /usr/bin/make  -f CMakeFiles/cmTC_f1d24.dir/build.make CMakeFiles/cmTC_f1d24.dir/build
make[1]: Entering directory '/home/benitakbritto/P2/src/cmake/build/CMakeFiles/CMakeTmp'
Building C object CMakeFiles/cmTC_f1d24.dir/CheckFunctionExists.c.o
/usr/bin/cc   -DCHECK_FUNCTION_EXISTS=pthread_create -o CMakeFiles/cmTC_f1d24.dir/CheckFunctionExists.c.o -c /home/benitakbritto/.local/share/cmake-3.19/Modules/CheckFunctionExists.c
Linking C executable cmTC_f1d24
/home/benitakbritto/.local/bin/cmake -E cmake_link_script CMakeFiles/cmTC_f1d24.dir/link.txt --verbose=1
/usr/bin/cc  -DCHECK_FUNCTION_EXISTS=pthread_create CMakeFiles/cmTC_f1d24.dir/CheckFunctionExists.c.o -o cmTC_f1d24  -lpthreads 
/usr/bin/ld: cannot find -lpthreads
collect2: error: ld returned 1 exit status
make[1]: *** [CMakeFiles/cmTC_f1d24.dir/build.make:106: cmTC_f1d24] Error 1
make[1]: Leaving directory '/home/benitakbritto/P2/src/cmake/build/CMakeFiles/CMakeTmp'
make: *** [Makefile:140: cmTC_f1d24/fast] Error 2



